"File: Interrupt.C   Assembler  Version HGASM0202      Page 1


   1  0000              ; Generated by holtek-gcc v3.19, Sat Dec 05 13:00:13 2020
   2  0000              ; 
   3  0000              ; Configuration:
   4  0000              ;       without long instruction
   5  0000              ;       Single ROM, Multi-RAM
   6  0000              ;       bits_per_rom_unit:16
   7  0000              ;       with mp1
   8  0000              ;       with tbhp, address(0x9)
   9  0000              ;          Use tabrd-const
  10  0000              ;       
  11  0000              ;       
  12  0000              ;       
  13  0000              ; use 'tabrdc' instead of 'tabrd'
  14  0000              ;       
  15  0000              
  16  0000              #pragma translator "holtek-gcc 4.6.4" "3.19" "build 20130711"
  17  0000              ; Rebuild 718
  18  0000              
  19  0000              ir equ [2]
  20  0000              mp equ [3]
  21  0000              sbp equ [1]
  22  0000              acc equ [5]
  23  0000              bp equ [4]
  24  0000              tblp equ [7]
  25  0000              tbhp equ [9]
  26  0000              status equ [10]
  27  0000              c equ [10].0
  28  0000              ac equ [10].1
  29  0000              z equ [10].2
  30  0000              ov equ [10].3
  31  0000              intc equ [11]
  32  0000              
  33  0000              extern ra:byte
  34  0000              extern rb:byte
  35  0000              extern rc:byte
  36  0000              extern rd:byte
  37  0000              extern re:byte
  38  0000              extern rf:byte
  39  0000              extern rg:byte
  40  0000              extern rh:byte
  41  0000              extern _Crom2Prom:near
  42  0000              extern _Crom2PromNext:near
  43  0000              
  44  0000              RAMBANK 0 @HCCINIT, @HCCINIT0
  45  0000              
  46  0000              RAMBANK 0 @BITDATASEC, @BITDATASEC1
  47  0000              @HCCINIT	.section 'data'
  48  0000              @HCCINIT0	.section 'data'
  49  0000              @BITDATASEC	 .section 'data'
  50  0000              @BITDATASEC1	 .section 'data'
  51  0000              
  52  0000              #pragma debug scope 1 1
  53  0000              	extern __DELAY3:near
  54  0000              	extern __DELAYX3:near
  55  0000              	extern __DELAYX6:near
  56  0000              	extern __DELAYY5:near
  57  0000              	extern __DELAYY3:near
  58  0000              	extern _builtin_holtek_delay_2:byte
  59  0000              public _INT0_ISR
"File: Interrupt.ASM  Assembler  Version HGASM0202      Page 2

  60  0000              #pragma debug scope 2 1

  25  0000              #line 25 "C:\ChipsGarden\醇法\MK8000\MK8000-Power PCB\UART2ADCwith8bitsMCU\UART2ADCwith8bitsMCU\Interrupt.C"
  25  0000              @INT0_ISR_code .section at 4 'code'
  25  0000              _INT0_ISR:
  25  0000  0004        	reti
  25  0001              #line 25 "C:\ChipsGarden\醇法\MK8000\MK8000-Power PCB\UART2ADCwith8bitsMCU\UART2ADCwith8bitsMCU\Interrupt.C"
  25  0001              #pragma debug scope 1 1
  25  0001              public _INT1_ISR
  25  0001              #pragma debug scope 3 1
  35  0001              #line 35 "C:\ChipsGarden\醇法\MK8000\MK8000-Power PCB\UART2ADCwith8bitsMCU\UART2ADCwith8bitsMCU\Interrupt.C"
  35  0000              @INT1_ISR_code .section at 36 'code'
  35  0000              _INT1_ISR:
  35  0000  0004        	reti
  35  0001              #line 35 "C:\ChipsGarden\醇法\MK8000\MK8000-Power PCB\UART2ADCwith8bitsMCU\UART2ADCwith8bitsMCU\Interrupt.C"
  35  0001              #pragma debug scope 1 1
  35  0001              ___mfi0 equ [17]
  35  0001              ___pb equ [37]
  35  0001              public _MuFunction0_ISR
  35  0001              #pragma debug scope 4 1
  46  0001              #line 46 "C:\ChipsGarden\醇法\MK8000\MK8000-Power PCB\UART2ADCwith8bitsMCU\UART2ADCwith8bitsMCU\Interrupt.C"
  46  0000              @MuFunction0_ISR_code .section at 12 'code'
  46  0000  0080     E  	mov r1,a
  46  0001  070A        	mov a,status
  46  0002  0080     E  	mov r2,a
  46  0003  2800     R  	jmp _MuFunction0_ISR
  46  0004              #pragma debug scope 1 1
  46  0004              @dummy12 endp
  46  0004              #pragma debug scope 5 1
  46  0000              _MuFunction0_ISR .section 'code'
  46  0000              _MuFunction0_ISR proc
  48  0000              #line 48 "C:\ChipsGarden\醇法\MK8000\MK8000-Power PCB\UART2ADCwith8bitsMCU\UART2ADCwith8bitsMCU\Interrupt.C"
  48  0000  3A91        	snz [17].5
  48  0001  2800     R  	jmp _L4
  50  0002              #line 50 "C:\ChipsGarden\醇法\MK8000\MK8000-Power PCB\UART2ADCwith8bitsMCU\UART2ADCwith8bitsMCU\Interrupt.C"
  50  0002  3C00     E  	sz _system_flag[0].1
  50  0003  2800     R  	jmp _L5
  52  0004              #line 52 "C:\ChipsGarden\醇法\MK8000\MK8000-Power PCB\UART2ADCwith8bitsMCU\UART2ADCwith8bitsMCU\Interrupt.C"
  52  0004  3000     E  	set _system_flag[0].1
  53  0005              #line 53 "C:\ChipsGarden\醇法\MK8000\MK8000-Power PCB\UART2ADCwith8bitsMCU\UART2ADCwith8bitsMCU\Interrupt.C"
  53  0005  3125        	set [37].2
  53  0006  2800     R  	jmp _L4
  53  0007              _L5:
  57  0007              #line 57 "C:\ChipsGarden\醇法\MK8000\MK8000-Power PCB\UART2ADCwith8bitsMCU\UART2ADCwith8bitsMCU\Interrupt.C"
  57  0007  3400     E  	clr _system_flag[0].1
  58  0008              #line 58 "C:\ChipsGarden\醇法\MK8000\MK8000-Power PCB\UART2ADCwith8bitsMCU\UART2ADCwith8bitsMCU\Interrupt.C"
  58  0008  3525        	clr [37].2
  58  0009              _L4:
  61  0009              #line 61 "C:\ChipsGarden\醇法\MK8000\MK8000-Power PCB\UART2ADCwith8bitsMCU\UART2ADCwith8bitsMCU\Interrupt.C"
  61  0009  3691        	clr [17].5
  61  000A  0700     E  	mov a,r2
  61  000B  008A        	mov status,a
  61  000C  0700     E  	mov a,r1
  61  000D  0004        	reti
  61  000E              _MuFunction0_ISR endp
  61  000E              
  61  000E              #line 61 "C:\ChipsGarden\醇法\MK8000\MK8000-Power PCB\UART2ADCwith8bitsMCU\UART2ADCwith8bitsMCU\Interrupt.C"
  61  000E              #pragma debug scope 1 1
  61  000E              ___mfi2 equ [19]
  61  000E              public _MuFunction2_ISR
"File: Interrupt.C   Assembler  Version HGASM0202      Page 3

  61  000E              #pragma debug scope 6 1
  72  000E              #line 72 "C:\ChipsGarden\醇法\MK8000\MK8000-Power PCB\UART2ADCwith8bitsMCU\UART2ADCwith8bitsMCU\Interrupt.C"
  72  0000              @MuFunction2_ISR_code .section at 20 'code'
  72  0000  0080     E  	mov r1,a
  72  0001  070A        	mov a,status
  72  0002  0080     E  	mov r2,a
  72  0003  2800     R  	jmp _MuFunction2_ISR
  72  0004              #pragma debug scope 1 1
  72  0004              @dummy20 endp
  72  0004              #pragma debug scope 7 1
  72  0000              _MuFunction2_ISR .section 'code'
  72  0000              _MuFunction2_ISR proc
  74  0000              #line 74 "C:\ChipsGarden\醇法\MK8000\MK8000-Power PCB\UART2ADCwith8bitsMCU\UART2ADCwith8bitsMCU\Interrupt.C"
  74  0000  0713        	mov a,[19]
  74  0001  0080     E  	mov ra,a
  77  0002              #line 77 "C:\ChipsGarden\醇法\MK8000\MK8000-Power PCB\UART2ADCwith8bitsMCU\UART2ADCwith8bitsMCU\Interrupt.C"
  77  0002  0713        	mov a,[19]
  77  0003  0080     E  	mov ra,a
  77  0004  0700     E  	mov a,r2
  77  0005  008A        	mov status,a
  77  0006  0700     E  	mov a,r1
  77  0007  0004        	reti
  77  0008              _MuFunction2_ISR endp
  77  0008              
  77  0008              #line 77 "C:\ChipsGarden\醇法\MK8000\MK8000-Power PCB\UART2ADCwith8bitsMCU\UART2ADCwith8bitsMCU\Interrupt.C"
  77  0008              #pragma debug scope 1 1
  77  0008              public _ADC_ISR
  77  0008              #pragma debug scope 8 1
  89  0008              #line 89 "C:\ChipsGarden\醇法\MK8000\MK8000-Power PCB\UART2ADCwith8bitsMCU\UART2ADCwith8bitsMCU\Interrupt.C"
  89  0000              @ADC_ISR_code .section at 24 'code'
  89  0000              _ADC_ISR:
  89  0000  0004        	reti
  89  0001              #line 89 "C:\ChipsGarden\醇法\MK8000\MK8000-Power PCB\UART2ADCwith8bitsMCU\UART2ADCwith8bitsMCU\Interrupt.C"
  89  0001              #pragma debug scope 1 1
  89  0001              public _Timebase0_ISR
  89  0001              #pragma debug scope 9 1
 100  0001              #line 100 "C:\ChipsGarden\醇法\MK8000\MK8000-Power PCB\UART2ADCwith8bitsMCU\UART2ADCwith8bitsMCU\Interrupt.C"
 100  0000              @Timebase0_ISR_code .section at 28 'code'
 100  0000  0080     E  	mov r1,a
 100  0001  070A        	mov a,status
 100  0002  0080     E  	mov r2,a
 100  0003  2800     R  	jmp _Timebase0_ISR
 100  0004              #pragma debug scope 1 1
 100  0004              @dummy28 endp
 100  0004              #pragma debug scope 10 1
 100  0000              _Timebase0_ISR .section 'code'
 100  0000              _Timebase0_ISR proc
 101  0000              #line 101 "C:\ChipsGarden\醇法\MK8000\MK8000-Power PCB\UART2ADCwith8bitsMCU\UART2ADCwith8bitsMCU\Interrupt.C"
 101  0000  3000     R  	set _interrupt_flag[0].0
 102  0001              #line 102 "C:\ChipsGarden\醇法\MK8000\MK8000-Power PCB\UART2ADCwith8bitsMCU\UART2ADCwith8bitsMCU\Interrupt.C"
 102  0001  1480     E  	inc _rx_watchdog[0]
 102  0002  0700     E  	mov a,r2
 102  0003  008A        	mov status,a
 102  0004  0700     E  	mov a,r1
 102  0005  0004        	reti
 102  0006              _Timebase0_ISR endp
 102  0006              
 102  0006              #line 102 "C:\ChipsGarden\醇法\MK8000\MK8000-Power PCB\UART2ADCwith8bitsMCU\UART2ADCwith8bitsMCU\Interrupt.C"
 102  0006              #pragma debug scope 1 1
 102  0006              public _Timebase1_ISR
"File: Interrupt.C   Assembler  Version HGASM0202      Page 4

 102  0006              #pragma debug scope 11 1
 112  0006              #line 112 "C:\ChipsGarden\醇法\MK8000\MK8000-Power PCB\UART2ADCwith8bitsMCU\UART2ADCwith8bitsMCU\Interrupt.C"
 112  0000              @Timebase1_ISR_code .section at 32 'code'
 112  0000  0080     E  	mov r1,a
 112  0001  070A        	mov a,status
 112  0002  0080     E  	mov r2,a
 112  0003  2800     R  	jmp _Timebase1_ISR
 112  0004              #pragma debug scope 1 1
 112  0004              @dummy32 endp
 112  0004              #pragma debug scope 12 1
 112  0000              _Timebase1_ISR .section 'code'
 112  0000              _Timebase1_ISR proc
 113  0000              #line 113 "C:\ChipsGarden\醇法\MK8000\MK8000-Power PCB\UART2ADCwith8bitsMCU\UART2ADCwith8bitsMCU\Interrupt.C"
 113  0000  3000     R  	set _interrupt_flag[0].1
 113  0001  0700     E  	mov a,r2
 113  0002  008A        	mov status,a
 113  0003  0700     E  	mov a,r1
 113  0004  0004        	reti
 113  0005              _Timebase1_ISR endp
 113  0005              
 113  0005              #line 113 "C:\ChipsGarden\醇法\MK8000\MK8000-Power PCB\UART2ADCwith8bitsMCU\UART2ADCwith8bitsMCU\Interrupt.C"
 113  0005              #pragma debug scope 1 1
 113  0005              public _Comparator_ISR
 113  0005              #pragma debug scope 13 1
 124  0005              #line 124 "C:\ChipsGarden\醇法\MK8000\MK8000-Power PCB\UART2ADCwith8bitsMCU\UART2ADCwith8bitsMCU\Interrupt.C"
 124  0000              @Comparator_ISR_code .section at 8 'code'
 124  0000              _Comparator_ISR:
 124  0000  0004        	reti
 124  0001              #line 124 "C:\ChipsGarden\醇法\MK8000\MK8000-Power PCB\UART2ADCwith8bitsMCU\UART2ADCwith8bitsMCU\Interrupt.C"
 124  0001              #pragma debug scope 1 1
 124  0001              public _I2C_ISR
 124  0001              #pragma debug scope 14 1
 135  0001              #line 135 "C:\ChipsGarden\醇法\MK8000\MK8000-Power PCB\UART2ADCwith8bitsMCU\UART2ADCwith8bitsMCU\Interrupt.C"
 135  0000              @I2C_ISR_code .section at 40 'code'
 135  0000              _I2C_ISR:
 135  0000  0004        	reti
 135  0001              #line 135 "C:\ChipsGarden\醇法\MK8000\MK8000-Power PCB\UART2ADCwith8bitsMCU\UART2ADCwith8bitsMCU\Interrupt.C"
 135  0001              #pragma debug scope 1 1
  16  0001              #line 16 "C:\ChipsGarden\醇法\MK8000\MK8000-Power PCB\UART2ADCwith8bitsMCU\UART2ADCwith8bitsMCU\Interrupt.C"
  16  0001              public _interrupt_flag
  16  0000              @HCCINIT0 .section 'data'
  16  0000              _interrupt_flag	db 0
  16  0001              #pragma debug struct_end
  16  0001              #pragma debug struct_end
  16  0001              #pragma debug union_end
  16  0001              #pragma debug union_end
  16  0001              #pragma debug variable 43 1 _interrupt_flag "interrupt_flag"
  16  0001              
  16  0000              @HCCINIT .section 'data'
  16  0000              #pragma debug struct_end
  16  0000              #pragma debug struct_end
  16  0000              #pragma debug union_end
  16  0000              #pragma debug union_end
  16  0000              #pragma debug variable 45 1 ___mfi0 "__mfi0" 1
  16  0000              #pragma debug struct_end
  16  0000              #pragma debug struct_end
  16  0000              #pragma debug union_end
  16  0000              #pragma debug union_end
  16  0000              #pragma debug variable 47 1 ___mfi2 "__mfi2" 1
  16  0000              #pragma debug struct_end
"File: Interrupt.C   Assembler  Version HGASM0202      Page 5

  16  0000              #pragma debug struct_end
  16  0000              #pragma debug union_end
  16  0000              #pragma debug union_end
  16  0000              #pragma debug variable 49 1 ___pb "__pb" 1
  16  0000              
  16  0000              ; output external variables
  16  0000              extern _rx_watchdog:byte
  16  0000              extern _system_flag:byte
  16  0000              extern r1:byte
  16  0000              extern r2:byte
  16  0000              
  16  0000              ; 
  16  0000              ; Generated by holtek-gcc v3.19, Sat Dec 05 13:00:13 2020
  16  0000              ; Rebuild 718
  16  0000              ; end of file


        0 Errors, 0