"File: Main.c        Assembler  Version HGASM0202      Page 1


   1  0000              ; Generated by holtek-gcc v3.19, Sat Nov 21 20:25:01 2020
   2  0000              ; 
   3  0000              ; Configuration:
   4  0000              ;       without long instruction
   5  0000              ;       Single ROM, Multi-RAM
   6  0000              ;       bits_per_rom_unit:16
   7  0000              ;       with mp1
   8  0000              ;       with tbhp, address(0x9)
   9  0000              ;          Use tabrd-const
  10  0000              ;       
  11  0000              ;       
  12  0000              ;       
  13  0000              ; use 'tabrdc' instead of 'tabrd'
  14  0000              ;       
  15  0000              
  16  0000              #pragma translator "holtek-gcc 4.6.4" "3.19" "build 20130711"
  17  0000              ; Rebuild 718
  18  0000              
  19  0000              ir equ [2]
  20  0000              mp equ [3]
  21  0000              sbp equ [1]
  22  0000              acc equ [5]
  23  0000              bp equ [4]
  24  0000              tblp equ [7]
  25  0000              tbhp equ [9]
  26  0000              status equ [10]
  27  0000              c equ [10].0
  28  0000              ac equ [10].1
  29  0000              z equ [10].2
  30  0000              ov equ [10].3
  31  0000              intc equ [11]
  32  0000              
  33  0000              extern ra:byte
  34  0000              extern rb:byte
  35  0000              extern rc:byte
  36  0000              extern rd:byte
  37  0000              extern re:byte
  38  0000              extern rf:byte
  39  0000              extern rg:byte
  40  0000              extern rh:byte
  41  0000              extern _Crom2Prom:near
  42  0000              extern _Crom2PromNext:near
  43  0000              
  44  0000              RAMBANK 0 @HCCINIT, @HCCINIT0
  45  0000              
  46  0000              RAMBANK 0 @BITDATASEC, @BITDATASEC1
  47  0000              @HCCINIT	.section 'data'
  48  0000              @HCCINIT0	.section 'data'
  49  0000              @BITDATASEC	 .section 'data'
  50  0000              @BITDATASEC1	 .section 'data'
  51  0000              
  52  0000              #pragma debug scope 1 1
  53  0000              	extern __DELAY3:near
  54  0000              	extern __DELAYX3:near
  55  0000              	extern __DELAYX6:near
  56  0000              	extern __DELAYY5:near
  57  0000              	extern __DELAYY3:near
  58  0000              	extern _builtin_holtek_delay_2:byte
  59  0000              ___status equ [10]
"File: Main.ASM      Assembler  Version HGASM0202      Page 2

  60  0000              public _main
  61  0000              #pragma debug scope 2 1

  21  0000              #line 21 "C:\ChipsGarden\醇法\MK8000\MK8000-Power PCB\UART2ADCwith8bitsMCU\UART2ADCwith8bitsMCU\Main.c"
  21  0000              IFDEF WITH_DEFAULT_STARTUP
  21  0000              extern _main_initial0:near
  21  0000              extern _main_startup:near
  21  0000              ENDIF
  21  0000              
  21  0000              ROMBANK 0 @start
  21  0000              @start .section com_l 'code'
  21  0000              _main_startup1:
  21  0000              @start .section com_e 'code'
  21  0000  2800     R  	jmp _main
  21  0001              
  21  0000              _main .section 'code'
  21  0000              _main proc
  22  0000              #line 22 "C:\ChipsGarden\醇法\MK8000\MK8000-Power PCB\UART2ADCwith8bitsMCU\UART2ADCwith8bitsMCU\Main.c"
  22  0000  3A8A        	snz [10].5
  22  0001  2800     R  	jmp _L2
  22  0002              #line 22 "C:\ChipsGarden\醇法\MK8000\MK8000-Power PCB\UART2ADCwith8bitsMCU\UART2ADCwith8bitsMCU\Main.c"
  22  0002  3E0A        	sz [10].4
  22  0003  2800     R  	jmp _L3
  22  0004              _L2:
  24  0004              #line 24 "C:\ChipsGarden\醇法\MK8000\MK8000-Power PCB\UART2ADCwith8bitsMCU\UART2ADCwith8bitsMCU\Main.c"
  24  0004  2000     E  	call _Ram_Init
  25  0005              #line 25 "C:\ChipsGarden\醇法\MK8000\MK8000-Power PCB\UART2ADCwith8bitsMCU\UART2ADCwith8bitsMCU\Main.c"
  25  0005  2000     E  	call _PowerOn_Init
  25  0006              _L3:
  30  0006              #line 30 "C:\ChipsGarden\醇法\MK8000\MK8000-Power PCB\UART2ADCwith8bitsMCU\UART2ADCwith8bitsMCU\Main.c"
  30  0006  2000     E  	call _WDT_ResetInit
  33  0007              #line 33 "C:\ChipsGarden\醇法\MK8000\MK8000-Power PCB\UART2ADCwith8bitsMCU\UART2ADCwith8bitsMCU\Main.c"
  33  0007  0F09        	mov a,9
  33  0008  2000     E  	call _Get_ADC
  33  0009  0700     E  	mov a,ra
  33  000A  0080     R  	mov _adc_value[0],a
  33  000B  0700     E  	mov a,rb
  33  000C  0080     R  	mov _adc_value[1],a
  33  000D              _L5:
  39  000D              #line 39 "C:\ChipsGarden\醇法\MK8000\MK8000-Power PCB\UART2ADCwith8bitsMCU\UART2ADCwith8bitsMCU\Main.c"
  39  000D              ;# 39 "C:\ChipsGarden\醇法\MK8000\MK8000-Power PCB\UART2ADCwith8bitsMCU\UART2ADCwith8bitsMCU\Main.c" 1
  39  000D  0001        	clr wdt
  40  000E              #line 40 "C:\ChipsGarden\醇法\MK8000\MK8000-Power PCB\UART2ADCwith8bitsMCU\UART2ADCwith8bitsMCU\Main.c"
  40  000E  2000     E  	call _Uart_RXD_Manage
  41  000F              #line 41 "C:\ChipsGarden\醇法\MK8000\MK8000-Power PCB\UART2ADCwith8bitsMCU\UART2ADCwith8bitsMCU\Main.c"
  41  000F  3800     E  	snz _system_flag[0].2
  41  0010  2800     R  	jmp _L6
  43  0011              #line 43 "C:\ChipsGarden\醇法\MK8000\MK8000-Power PCB\UART2ADCwith8bitsMCU\UART2ADCwith8bitsMCU\Main.c"
  43  0011  2000     E  	call _ReadyToHalt
  43  0012  2800     R  	jmp _L5
  43  0013              _L6:
  47  0013              #line 47 "C:\ChipsGarden\醇法\MK8000\MK8000-Power PCB\UART2ADCwith8bitsMCU\UART2ADCwith8bitsMCU\Main.c"
  47  0013  2000     E  	call _Task_500ms
  48  0014              #line 48 "C:\ChipsGarden\醇法\MK8000\MK8000-Power PCB\UART2ADCwith8bitsMCU\UART2ADCwith8bitsMCU\Main.c"
  48  0014  2000     E  	call _Key_Scan
  48  0015  2800     R  	jmp _L5
  48  0016  2800     R  	jmp $
  48  0017              _main endp
  48  0017              
  48  0017              @dummy endp
"File: Main.c        Assembler  Version HGASM0202      Page 3

  48  0017              
  48  0017              #line 48 "C:\ChipsGarden\醇法\MK8000\MK8000-Power PCB\UART2ADCwith8bitsMCU\UART2ADCwith8bitsMCU\Main.c"
  48  0017              #pragma debug scope 1 1
  16  0017              #line 16 "C:\ChipsGarden\醇法\MK8000\MK8000-Power PCB\UART2ADCwith8bitsMCU\UART2ADCwith8bitsMCU\Main.c"
  16  0017              public _adc_value
  16  0000              @HCCINIT0 .section 'data'
  16  0000  0002[       _adc_value	db 2 dup(0)
            00
            ]
  16  0002              #pragma debug struct_end
  16  0002              #pragma debug struct_end
  16  0002              #pragma debug struct_end
  16  0002              #pragma debug struct_end
  16  0002              #pragma debug union_end
  16  0002              #pragma debug union_end
  16  0002              #pragma debug variable 44 1 _adc_value "adc_value"
  16  0002              
  16  0000              @HCCINIT .section 'data'
  16  0000              #pragma debug struct_end
  16  0000              #pragma debug struct_end
  16  0000              #pragma debug union_end
  16  0000              #pragma debug union_end
  16  0000              #pragma debug variable 46 1 ___status "__status" 1
  16  0000              
  16  0000              ; output external variables
  16  0000              extern _system_flag:byte
  21  0000              #line 21 "C:\ChipsGarden\醇法\MK8000\MK8000-Power PCB\UART2ADCwith8bitsMCU\UART2ADCwith8bitsMCU\Main.c"
  21  0000              @code .section at 0 'code'
  21  0000  2800     R  	jmp _main_startup1
  21  0001              
  21  0001              extern _Ram_Init:near
  21  0001              extern _PowerOn_Init:near
  21  0001              extern _WDT_ResetInit:near
  21  0001              extern _Get_ADC:near
  21  0001              extern _Uart_RXD_Manage:near
  21  0001              extern _ReadyToHalt:near
  21  0001              extern _Task_500ms:near
  21  0001              extern _Key_Scan:near
  21  0001              
  21  0001              ; 
  21  0001              ; Generated by holtek-gcc v3.19, Sat Nov 21 20:25:01 2020
  21  0001              ; Rebuild 718
  21  0001              ; end of file


        0 Errors, 0