"File: Uart.c        Assembler  Version HGASM0202      Page 1


   1  0000              ; Generated by holtek-gcc v3.19, Sun Jul 26 13:36:54 2020
   2  0000              ; 
   3  0000              ; Configuration:
   4  0000              ;       without long instruction
   5  0000              ;       Single ROM, Multi-RAM
   6  0000              ;       bits_per_rom_unit:16
   7  0000              ;       with mp1
   8  0000              ;       with tbhp, address(0x9)
   9  0000              ;          Use tabrd-const
  10  0000              ;       
  11  0000              ;       
  12  0000              ;       
  13  0000              ; use 'tabrdc' instead of 'tabrd'
  14  0000              ;       
  15  0000              
  16  0000              #pragma translator "holtek-gcc 4.6.4" "3.19" "build 20130711"
  17  0000              ; Rebuild 718
  18  0000              
  19  0000              ir equ [2]
  20  0000              mp equ [3]
  21  0000              sbp equ [1]
  22  0000              acc equ [5]
  23  0000              bp equ [4]
  24  0000              tblp equ [7]
  25  0000              tbhp equ [9]
  26  0000              status equ [10]
  27  0000              c equ [10].0
  28  0000              ac equ [10].1
  29  0000              z equ [10].2
  30  0000              ov equ [10].3
  31  0000              intc equ [11]
  32  0000              
  33  0000              extern ra:byte
  34  0000              extern rb:byte
  35  0000              extern rc:byte
  36  0000              extern rd:byte
  37  0000              extern re:byte
  38  0000              extern rf:byte
  39  0000              extern rg:byte
  40  0000              extern rh:byte
  41  0000              extern _Crom2Prom:near
  42  0000              extern _Crom2PromNext:near
  43  0000              
  44  0000              RAMBANK 0 @HCCINIT, @HCCINIT0
  45  0000              
  46  0000              RAMBANK 0 @BITDATASEC, @BITDATASEC1
  47  0000              @HCCINIT	.section 'data'
  48  0000              @HCCINIT0	.section 'data'
  49  0000              @BITDATASEC	 .section 'data'
  50  0000              @BITDATASEC1	 .section 'data'
  51  0000              
  52  0000              #pragma debug scope 1 1
  53  0000              	extern __DELAY3:near
  54  0000              	extern __DELAYX3:near
  55  0000              	extern __DELAYX6:near
  56  0000              	extern __DELAYY5:near
  57  0000              	extern __DELAYY3:near
  58  0000              	extern _builtin_holtek_delay_2:byte
  59  0000              ___pcc equ [65]
"File: Uart.ASM      Assembler  Version HGASM0202      Page 2

  60  0000              ___pc equ [64]
  61  0000              ___pcpu equ [66]
  62  0000              ___ucr1 equ [69]
  63  0000              ___ucr2 equ [70]
  64  0000              ___brg equ [71]
  65  0000              ___intc2 equ [16]
  66  0000              public _Uart_Init
  67  0000              #pragma debug scope 2 1

  53  0000              #line 53 "C:\ChipsGarden\醇法\MK8000\MK8000-Power PCB\UART2ADCwith8bitsMCU\UART2ADCwith8bitsMCU\Uart.c"
  53  0000              _Uart_Init .section 'code'
  53  0000              _Uart_Init proc
  54  0000              #line 54 "C:\ChipsGarden\醇法\MK8000\MK8000-Power PCB\UART2ADCwith8bitsMCU\UART2ADCwith8bitsMCU\Uart.c"
  54  0000  3541        	clr [65].2
  55  0001              #line 55 "C:\ChipsGarden\醇法\MK8000\MK8000-Power PCB\UART2ADCwith8bitsMCU\UART2ADCwith8bitsMCU\Uart.c"
  55  0001  3540        	clr [64].2
  57  0002              #line 57 "C:\ChipsGarden\醇法\MK8000\MK8000-Power PCB\UART2ADCwith8bitsMCU\UART2ADCwith8bitsMCU\Uart.c"
  57  0002  35C1        	clr [65].3
  58  0003              #line 58 "C:\ChipsGarden\醇法\MK8000\MK8000-Power PCB\UART2ADCwith8bitsMCU\UART2ADCwith8bitsMCU\Uart.c"
  58  0003  3241        	set [65].4
  59  0004              #line 59 "C:\ChipsGarden\醇法\MK8000\MK8000-Power PCB\UART2ADCwith8bitsMCU\UART2ADCwith8bitsMCU\Uart.c"
  59  0004  31C0        	set [64].3
  60  0005              #line 60 "C:\ChipsGarden\醇法\MK8000\MK8000-Power PCB\UART2ADCwith8bitsMCU\UART2ADCwith8bitsMCU\Uart.c"
  60  0005  3240        	set [64].4
  61  0006              #line 61 "C:\ChipsGarden\醇法\MK8000\MK8000-Power PCB\UART2ADCwith8bitsMCU\UART2ADCwith8bitsMCU\Uart.c"
  61  0006  31C2        	set [66].3
  62  0007              #line 62 "C:\ChipsGarden\醇法\MK8000\MK8000-Power PCB\UART2ADCwith8bitsMCU\UART2ADCwith8bitsMCU\Uart.c"
  62  0007  3242        	set [66].4
  64  0008              #line 64 "C:\ChipsGarden\醇法\MK8000\MK8000-Power PCB\UART2ADCwith8bitsMCU\UART2ADCwith8bitsMCU\Uart.c"
  64  0008  0F80        	mov a,128
  64  0009  00C5        	mov [69],a
  65  000A              #line 65 "C:\ChipsGarden\醇法\MK8000\MK8000-Power PCB\UART2ADCwith8bitsMCU\UART2ADCwith8bitsMCU\Uart.c"
  65  000A  0FE5        	mov a,229
  65  000B  00C6        	mov [70],a
  66  000C              #line 66 "C:\ChipsGarden\醇法\MK8000\MK8000-Power PCB\UART2ADCwith8bitsMCU\UART2ADCwith8bitsMCU\Uart.c"
  66  000C  3146        	set [70].2
  68  000D              #line 68 "C:\ChipsGarden\醇法\MK8000\MK8000-Power PCB\UART2ADCwith8bitsMCU\UART2ADCwith8bitsMCU\Uart.c"
  68  000D  0F33        	mov a,51
  68  000E  00C7        	mov [71],a
  72  000F              #line 72 "C:\ChipsGarden\醇法\MK8000\MK8000-Power PCB\UART2ADCwith8bitsMCU\UART2ADCwith8bitsMCU\Uart.c"
  72  000F  1F00     R  	clr _rx_guide[0]
  73  0010              #line 73 "C:\ChipsGarden\醇法\MK8000\MK8000-Power PCB\UART2ADCwith8bitsMCU\UART2ADCwith8bitsMCU\Uart.c"
  73  0010  1F00     R  	clr _tx_guide[0]
  74  0011              #line 74 "C:\ChipsGarden\醇法\MK8000\MK8000-Power PCB\UART2ADCwith8bitsMCU\UART2ADCwith8bitsMCU\Uart.c"
  74  0011  3190        	set [16].3
  74  0012  0003        	ret
  74  0013              _Uart_Init endp
  74  0013              #line 74 "C:\ChipsGarden\醇法\MK8000\MK8000-Power PCB\UART2ADCwith8bitsMCU\UART2ADCwith8bitsMCU\Uart.c"
  74  0013              #pragma debug scope 1 1
  74  0013              public _Uart_off
  74  0013              #pragma debug scope 3 1
  83  0013              #line 83 "C:\ChipsGarden\醇法\MK8000\MK8000-Power PCB\UART2ADCwith8bitsMCU\UART2ADCwith8bitsMCU\Uart.c"
  83  0000              _Uart_off .section 'code'
  83  0000              _Uart_off proc
  84  0000              #line 84 "C:\ChipsGarden\醇法\MK8000\MK8000-Power PCB\UART2ADCwith8bitsMCU\UART2ADCwith8bitsMCU\Uart.c"
  84  0000  3546        	clr [70].2
  89  0001              #line 89 "C:\ChipsGarden\醇法\MK8000\MK8000-Power PCB\UART2ADCwith8bitsMCU\UART2ADCwith8bitsMCU\Uart.c"
  89  0001  31C0        	set [64].3
  90  0002              #line 90 "C:\ChipsGarden\醇法\MK8000\MK8000-Power PCB\UART2ADCwith8bitsMCU\UART2ADCwith8bitsMCU\Uart.c"
  90  0002  3241        	set [65].4
"File: Uart.c        Assembler  Version HGASM0202      Page 3

  90  0003  0003        	ret
  90  0004              _Uart_off endp
  90  0004              #line 90 "C:\ChipsGarden\醇法\MK8000\MK8000-Power PCB\UART2ADCwith8bitsMCU\UART2ADCwith8bitsMCU\Uart.c"
  90  0004              #pragma debug scope 1 1
  90  0004              ___usr equ [68]
  90  0004              ___txr_rxr equ [72]
  90  0004              public _UART_ISR
  90  0004              #pragma debug scope 4 1
 100  0004              #line 100 "C:\ChipsGarden\醇法\MK8000\MK8000-Power PCB\UART2ADCwith8bitsMCU\UART2ADCwith8bitsMCU\Uart.c"
 100  0000              @UART_ISR_code .section at 44 'code'
 100  0000  0080     E  	mov r1,a
 100  0001  070A        	mov a,status
 100  0002  0080     E  	mov r2,a
 100  0003  2800     R  	jmp _UART_ISR
 100  0004              #pragma debug scope 1 1
 100  0004              @dummy44 endp
 100  0004              #pragma debug scope 5 1
 100  0000              _UART_ISR .section 'code'
 100  0000              _UART_ISR proc
 100  0000  0704        	mov a,bp
 100  0001  0080     E  	mov r3,a
 100  0002  0703        	mov a,mp
 100  0003  0080     E  	mov r4,a
 100  0004  0701        	mov a,sbp
 100  0005  0080     E  	mov r5,a
 100  0006  0707        	mov a,tblp
 100  0007  0080     E  	mov r6,a
 100  0008  0709        	mov a,tbhp
 100  0009  0080     E  	mov r7,a
 102  000A              #line 102 "C:\ChipsGarden\醇法\MK8000\MK8000-Power PCB\UART2ADCwith8bitsMCU\UART2ADCwith8bitsMCU\Uart.c"
 102  000A  3FC4        	sz [68].7
 102  000B  2800     R  	jmp _L4
 102  000C              #line 102 "C:\ChipsGarden\醇法\MK8000\MK8000-Power PCB\UART2ADCwith8bitsMCU\UART2ADCwith8bitsMCU\Uart.c"
 102  000C  3F44        	sz [68].6
 102  000D  2800     R  	jmp _L4
 102  000E  3EC4        	sz [68].5
 102  000F  2800     R  	jmp _L4
 102  0010  3A44        	snz [68].4
 102  0011  2800     R  	jmp _L5
 102  0012              _L4:
 104  0012              #line 104 "C:\ChipsGarden\醇法\MK8000\MK8000-Power PCB\UART2ADCwith8bitsMCU\UART2ADCwith8bitsMCU\Uart.c"
 104  0012  0744        	mov a,[68]
 104  0013  0080     E  	mov ra,a
 105  0014              #line 105 "C:\ChipsGarden\醇法\MK8000\MK8000-Power PCB\UART2ADCwith8bitsMCU\UART2ADCwith8bitsMCU\Uart.c"
 105  0014  0748        	mov a,[72]
 105  0015  0080     E  	mov _isr_temp0[0],a
 106  0016              #line 106 "C:\ChipsGarden\醇法\MK8000\MK8000-Power PCB\UART2ADCwith8bitsMCU\UART2ADCwith8bitsMCU\Uart.c"
 106  0016  1F00     R  	clr _rx_guide[0]
 106  0017  2800     R  	jmp _L3
 106  0018              _L5:
 110  0018              #line 110 "C:\ChipsGarden\醇法\MK8000\MK8000-Power PCB\UART2ADCwith8bitsMCU\UART2ADCwith8bitsMCU\Uart.c"
 110  0018  3944        	snz [68].2
 110  0019  2800     R  	jmp _L7
 112  001A              #line 112 "C:\ChipsGarden\醇法\MK8000\MK8000-Power PCB\UART2ADCwith8bitsMCU\UART2ADCwith8bitsMCU\Uart.c"
 112  001A  0F07        	mov a,7
 112  001B  0200     R  	sub a,_rx_guide[0]
 112  001C  3C0A        	sz c
 112  001D  2800     R  	jmp _L8
 114  001E              #line 114 "C:\ChipsGarden\醇法\MK8000\MK8000-Power PCB\UART2ADCwith8bitsMCU\UART2ADCwith8bitsMCU\Uart.c"
 114  001E  0F08        	mov a,8
"File: Uart.c        Assembler  Version HGASM0202      Page 4

 114  001F  0080     R  	mov _rx_guide[0],a
 114  0020  2800     R  	jmp _L9
 114  0021              _L8:
 118  0021              #line 118 "C:\ChipsGarden\醇法\MK8000\MK8000-Power PCB\UART2ADCwith8bitsMCU\UART2ADCwith8bitsMCU\Uart.c"
 118  0021  0F00     R  	mov a,low offset _array_uart_rxbuff
 118  0022  0300     R  	add a,_rx_guide[0]
 118  0023  0083        	mov mp,a
 118  0024  0F00     R  	mov a,high offset _array_uart_rxbuff
 118  0025  1F01        	clr sbp
 118  0026  1381        	adcm a,sbp
 118  0027  0701        	mov a,sbp
 118  0028  0084        	mov bp,a
 118  0029  0748        	mov a,[72]
 118  002A  0082        	mov ir,a
 119  002B              #line 119 "C:\ChipsGarden\醇法\MK8000\MK8000-Power PCB\UART2ADCwith8bitsMCU\UART2ADCwith8bitsMCU\Uart.c"
 119  002B  1480     R  	inc _rx_guide[0]
 120  002C              #line 120 "C:\ChipsGarden\醇法\MK8000\MK8000-Power PCB\UART2ADCwith8bitsMCU\UART2ADCwith8bitsMCU\Uart.c"
 120  002C  0700     R  	mov a,_rx_guide[0]
 120  002D  0A08        	sub a,8
 120  002E  390A        	snz z
 120  002F  2800     R  	jmp _L9
 120  0030  0F00     R  	mov a,low (offset _array_uart_rxbuff-1)
 120  0031  0300     R  	add a,_rx_guide[0]
 120  0032  0083        	mov mp,a
 120  0033  0F00     R  	mov a,high (offset _array_uart_rxbuff-1)
 120  0034  1F01        	clr sbp
 120  0035  1381        	adcm a,sbp
 120  0036  2000     E  	call _Crom2Prom
 120  0037  0080     E  	mov ra,a
 120  0038  0700     E  	mov a,ra
 120  0039  0A0A        	sub a,10
 120  003A  390A        	snz z
 120  003B  2800     R  	jmp _L9
 122  003C              #line 122 "C:\ChipsGarden\醇法\MK8000\MK8000-Power PCB\UART2ADCwith8bitsMCU\UART2ADCwith8bitsMCU\Uart.c"
 122  003C  3000     R  	set _uart_flag[0].0
 122  003D              _L9:
 130  003D              #line 130 "C:\ChipsGarden\醇法\MK8000\MK8000-Power PCB\UART2ADCwith8bitsMCU\UART2ADCwith8bitsMCU\Uart.c"
 130  003D              ;# 130 "C:\ChipsGarden\醇法\MK8000\MK8000-Power PCB\UART2ADCwith8bitsMCU\UART2ADCwith8bitsMCU\Uart.c" 1
 130  003D  0000        	nop
 130  003E  2800     R  	jmp _L3
 130  003F              _L7:
 134  003F              #line 134 "C:\ChipsGarden\醇法\MK8000\MK8000-Power PCB\UART2ADCwith8bitsMCU\UART2ADCwith8bitsMCU\Uart.c"
 134  003F  3844        	snz [68].0
 134  0040  2800     R  	jmp _L3
 136  0041              #line 136 "C:\ChipsGarden\醇法\MK8000\MK8000-Power PCB\UART2ADCwith8bitsMCU\UART2ADCwith8bitsMCU\Uart.c"
 136  0041  1080     R  	sz _tx_guide[0]
 136  0042  2800     R  	jmp _LI1
 136  0043  2800     R  	jmp _L10
 136  0044              _LI1:
 138  0044              #line 138 "C:\ChipsGarden\醇法\MK8000\MK8000-Power PCB\UART2ADCwith8bitsMCU\UART2ADCwith8bitsMCU\Uart.c"
 138  0044  1580     R  	dec _tx_guide[0]
 139  0045              #line 139 "C:\ChipsGarden\醇法\MK8000\MK8000-Power PCB\UART2ADCwith8bitsMCU\UART2ADCwith8bitsMCU\Uart.c"
 139  0045  1400     R  	inca _tx_index[0]
 139  0046  0080     E  	mov ra,a
 139  0047  0700     E  	mov a,ra
 139  0048  0080     R  	mov _tx_index[0],a
 140  0049              #line 140 "C:\ChipsGarden\醇法\MK8000\MK8000-Power PCB\UART2ADCwith8bitsMCU\UART2ADCwith8bitsMCU\Uart.c"
 140  0049  0F00     R  	mov a,low offset _array_uart_txbuff
 140  004A  0300     E  	add a,ra
 140  004B  0083        	mov mp,a
"File: Uart.c        Assembler  Version HGASM0202      Page 5

 140  004C  0F00     R  	mov a,high offset _array_uart_txbuff
 140  004D  1F01        	clr sbp
 140  004E  1381        	adcm a,sbp
 140  004F  2000     E  	call _Crom2Prom
 140  0050  00C8        	mov [72],a
 140  0051  2800     R  	jmp _L3
 140  0052              _L10:
 144  0052              #line 144 "C:\ChipsGarden\醇法\MK8000\MK8000-Power PCB\UART2ADCwith8bitsMCU\UART2ADCwith8bitsMCU\Uart.c"
 144  0052  0FE5        	mov a,229
 144  0053  00C6        	mov [70],a
 147  0054              #line 147 "C:\ChipsGarden\醇法\MK8000\MK8000-Power PCB\UART2ADCwith8bitsMCU\UART2ADCwith8bitsMCU\Uart.c"
 147  0054  1F00     R  	clr _rx_guide[0]
 148  0055              #line 148 "C:\ChipsGarden\醇法\MK8000\MK8000-Power PCB\UART2ADCwith8bitsMCU\UART2ADCwith8bitsMCU\Uart.c"
 148  0055  3540        	clr [64].2
 148  0056              _L3:
 148  0056  0700     E  	mov a,r2
 148  0057  008A        	mov status,a
 148  0058  0700     E  	mov a,r3
 148  0059  0084        	mov bp,a
 148  005A  0700     E  	mov a,r4
 148  005B  0083        	mov mp,a
 148  005C  0700     E  	mov a,r5
 148  005D  0081        	mov sbp,a
 148  005E  0700     E  	mov a,r6
 148  005F  0087        	mov tblp,a
 148  0060  0700     E  	mov a,r7
 148  0061  0089        	mov tbhp,a
 148  0062  1D05        	tabrdc acc
 148  0063  0700     E  	mov a,r1
 148  0064  0004        	reti
 148  0065              _UART_ISR endp
 148  0065              
 148  0065              #line 148 "C:\ChipsGarden\醇法\MK8000\MK8000-Power PCB\UART2ADCwith8bitsMCU\UART2ADCwith8bitsMCU\Uart.c"
 148  0065              #pragma debug scope 1 1
 148  0065              public _calc_crc
 148  0065              #pragma debug scope 6 1
 319  0065              #line 319 "C:\ChipsGarden\醇法\MK8000\MK8000-Power PCB\UART2ADCwith8bitsMCU\UART2ADCwith8bitsMCU\Uart.c"
 319  0000              _calc_crc .section 'code'
 319  0000              _calc_crc proc
 319  0000              public _calc_crc_2
 319  0000  0003[           local _calc_crc_2 db 3 dup(?)	; 3,0
            00
            ]
 319  0003              #pragma debug pointer 42 8 6
 319  0003              #pragma debug pointer 42 8 6
 319  0003              #pragma debug variable 42 6 _calc_crc_2+0 "pointer"
 319  0003              #pragma debug variable 8 6 _calc_crc_2+2 "length"
 321  0003              #line 321 "C:\ChipsGarden\醇法\MK8000\MK8000-Power PCB\UART2ADCwith8bitsMCU\UART2ADCwith8bitsMCU\Uart.c"
 321  0000  1F80     R  	set _reg_crc[0]
 321  0001  1F80     R  	set _reg_crc[1]
 322  0002              #line 322 "C:\ChipsGarden\醇法\MK8000\MK8000-Power PCB\UART2ADCwith8bitsMCU\UART2ADCwith8bitsMCU\Uart.c"
 322  0002  1F00     E  	clr ra
 322  0003              _L16:
 322  0003              #line 322 "C:\ChipsGarden\醇法\MK8000\MK8000-Power PCB\UART2ADCwith8bitsMCU\UART2ADCwith8bitsMCU\Uart.c"
 322  0003  0700     E  	mov a,ra
 322  0004  0200     R  	sub a,_calc_crc_2[2]
 322  0005  3D0A        	sz z
 322  0006  2800     R  	jmp _L22
 326  0007              #line 326 "C:\ChipsGarden\醇法\MK8000\MK8000-Power PCB\UART2ADCwith8bitsMCU\UART2ADCwith8bitsMCU\Uart.c"
 326  0007  0F01        	mov a,1
"File: Uart.c        Assembler  Version HGASM0202      Page 6

 326  0008  0300     R  	add a,_calc_crc_2[0]
 326  0009  0080     E  	mov rd,a
 326  000A  0F00        	mov a,0
 326  000B  1300     R  	adc a,_calc_crc_2[1]
 326  000C  0080     E  	mov re,a
 326  000D  0700     R  	mov a,_calc_crc_2[0]
 326  000E  0083        	mov mp,a
 326  000F  0700     R  	mov a,_calc_crc_2[1]
 326  0010  0081        	mov sbp,a
 326  0011  2000     E  	call _Crom2Prom
 326  0012  0080     E  	mov rb,a
 326  0013  1F00     E  	clr rc
 326  0014  0700     R  	mov a,_reg_crc[1]
 326  0015  0480     E  	xorm a,rc
 326  0016  0700     R  	mov a,_reg_crc[0]
 326  0017  0480     E  	xorm a,rb
 326  0018  0F08        	mov a,8
 326  0019  0080     E  	mov rf,a
 326  001A              _L20:
 329  001A              #line 329 "C:\ChipsGarden\醇法\MK8000\MK8000-Power PCB\UART2ADCwith8bitsMCU\UART2ADCwith8bitsMCU\Uart.c"
 329  001A  3800     E  	snz rb.0
 329  001B  2800     R  	jmp _L17
 331  001C              #line 331 "C:\ChipsGarden\醇法\MK8000\MK8000-Power PCB\UART2ADCwith8bitsMCU\UART2ADCwith8bitsMCU\Uart.c"
 331  001C  340A        	clr c
 331  001D  1B80     E  	rrc rc
 331  001E  1B80     E  	rrc rb
 332  001F              #line 332 "C:\ChipsGarden\醇法\MK8000\MK8000-Power PCB\UART2ADCwith8bitsMCU\UART2ADCwith8bitsMCU\Uart.c"
 332  001F  0FA0        	mov a,160
 332  0020  0480     E  	xorm a,rc
 332  0021  0F01        	mov a,1
 332  0022  0480     E  	xorm a,rb
 332  0023  2800     R  	jmp _L18
 332  0024              _L17:
 336  0024              #line 336 "C:\ChipsGarden\醇法\MK8000\MK8000-Power PCB\UART2ADCwith8bitsMCU\UART2ADCwith8bitsMCU\Uart.c"
 336  0024  340A        	clr c
 336  0025  1B80     E  	rrc rc
 336  0026  1B80     E  	rrc rb
 336  0027              _L18:
 336  0027  1780     E  	sdz rf
 336  0028  2800     R  	jmp _L20
 336  0029  0700     E  	mov a,rb
 336  002A  0080     R  	mov _reg_crc[0],a
 336  002B  0700     E  	mov a,rc
 336  002C  0080     R  	mov _reg_crc[1],a
 322  002D              #line 322 "C:\ChipsGarden\醇法\MK8000\MK8000-Power PCB\UART2ADCwith8bitsMCU\UART2ADCwith8bitsMCU\Uart.c"
 322  002D  1480     E  	inc ra
 326  002E              #line 326 "C:\ChipsGarden\醇法\MK8000\MK8000-Power PCB\UART2ADCwith8bitsMCU\UART2ADCwith8bitsMCU\Uart.c"
 326  002E  0700     E  	mov a,rd
 326  002F  0080     R  	mov _calc_crc_2[0],a
 326  0030  0700     E  	mov a,re
 326  0031  0080     R  	mov _calc_crc_2[1],a
 326  0032  2800     R  	jmp _L16
 326  0033              _L22:
 342  0033              #line 342 "C:\ChipsGarden\醇法\MK8000\MK8000-Power PCB\UART2ADCwith8bitsMCU\UART2ADCwith8bitsMCU\Uart.c"
 342  0033  0700     R  	mov a,_reg_crc[0]
 342  0034  0080     E  	mov ra,a
 342  0035  0700     R  	mov a,_reg_crc[1]
 342  0036  0080     E  	mov rb,a
 342  0037  0003        	ret
 342  0038              _calc_crc endp
"File: Uart.c        Assembler  Version HGASM0202      Page 7

 342  0038              #line 342 "C:\ChipsGarden\醇法\MK8000\MK8000-Power PCB\UART2ADCwith8bitsMCU\UART2ADCwith8bitsMCU\Uart.c"
 342  0038              #pragma debug scope 1 1
 342  0038              public _Uart_TXD_Send
 342  0038              #pragma debug scope 7 1
 228  0038              #line 228 "C:\ChipsGarden\醇法\MK8000\MK8000-Power PCB\UART2ADCwith8bitsMCU\UART2ADCwith8bitsMCU\Uart.c"
 228  0000              _Uart_TXD_Send .section 'code'
 228  0000              _Uart_TXD_Send proc
 228  0000              public _Uart_TXD_Send_2
 228  0000  0002[           local _Uart_TXD_Send_2 db 2 dup(?)	; 2,0
            00
            ]
 228  0002              #pragma debug variable 12 7 _Uart_TXD_Send_2+0 "tx_data"
 229  0002              #line 229 "C:\ChipsGarden\醇法\MK8000\MK8000-Power PCB\UART2ADCwith8bitsMCU\UART2ADCwith8bitsMCU\Uart.c"
 229  0000  0F09        	mov a,9
 229  0001  0080     R  	mov _tx_guide[0],a
 230  0002              #line 230 "C:\ChipsGarden\醇法\MK8000\MK8000-Power PCB\UART2ADCwith8bitsMCU\UART2ADCwith8bitsMCU\Uart.c"
 230  0002  1F00     R  	clr _tx_index[0]
 231  0003              #line 231 "C:\ChipsGarden\醇法\MK8000\MK8000-Power PCB\UART2ADCwith8bitsMCU\UART2ADCwith8bitsMCU\Uart.c"
 231  0003  3140        	set [64].2
 235  0004              #line 235 "C:\ChipsGarden\醇法\MK8000\MK8000-Power PCB\UART2ADCwith8bitsMCU\UART2ADCwith8bitsMCU\Uart.c"
 235  0004  0F44        	mov a,68
 235  0005  0080     R  	mov _array_uart_txbuff[0],a
 236  0006              #line 236 "C:\ChipsGarden\醇法\MK8000\MK8000-Power PCB\UART2ADCwith8bitsMCU\UART2ADCwith8bitsMCU\Uart.c"
 236  0006  0F01        	mov a,1
 236  0007  0080     R  	mov _array_uart_txbuff[1],a
 237  0008              #line 237 "C:\ChipsGarden\醇法\MK8000\MK8000-Power PCB\UART2ADCwith8bitsMCU\UART2ADCwith8bitsMCU\Uart.c"
 237  0008  0F04        	mov a,4
 237  0009  0080     R  	mov _array_uart_txbuff[2],a
 238  000A              #line 238 "C:\ChipsGarden\醇法\MK8000\MK8000-Power PCB\UART2ADCwith8bitsMCU\UART2ADCwith8bitsMCU\Uart.c"
 238  000A  0700     R  	mov a,_Uart_TXD_Send_2[0]
 238  000B  0080     E  	mov rb,a
 238  000C  0700     R  	mov a,_Uart_TXD_Send_2[1]
 238  000D  0080     E  	mov rc,a
 238  000E  0700     E  	mov a,rc
 238  000F  0080     E  	mov rb,a
 238  0010  1F00     E  	clr rc
 238  0011  0700     E  	mov a,rb
 238  0012  0080     R  	mov _array_uart_txbuff[3],a
 239  0013              #line 239 "C:\ChipsGarden\醇法\MK8000\MK8000-Power PCB\UART2ADCwith8bitsMCU\UART2ADCwith8bitsMCU\Uart.c"
 239  0013  0700     R  	mov a,_Uart_TXD_Send_2[0]
 239  0014  0080     E  	mov ra,a
 239  0015  0700     E  	mov a,ra
 239  0016  0080     R  	mov _array_uart_txbuff[4],a
 240  0017              #line 240 "C:\ChipsGarden\醇法\MK8000\MK8000-Power PCB\UART2ADCwith8bitsMCU\UART2ADCwith8bitsMCU\Uart.c"
 240  0017  0700     E  	mov a,rb
 240  0018  0080     R  	mov _array_uart_txbuff[5],a
 241  0019              #line 241 "C:\ChipsGarden\醇法\MK8000\MK8000-Power PCB\UART2ADCwith8bitsMCU\UART2ADCwith8bitsMCU\Uart.c"
 241  0019  0700     E  	mov a,ra
 241  001A  0080     R  	mov _array_uart_txbuff[6],a
 243  001B              #line 243 "C:\ChipsGarden\醇法\MK8000\MK8000-Power PCB\UART2ADCwith8bitsMCU\UART2ADCwith8bitsMCU\Uart.c"
 243  001B  0F07        	mov a,7
 243  001C  0080     R  	mov _calc_crc_2[2],a
 243  001D  0F00     R  	mov a,low offset _array_uart_txbuff
 243  001E  0080     R  	mov _calc_crc_2[0],a
 243  001F  0F00     R  	mov a,high offset _array_uart_txbuff
 243  0020  0080     R  	mov _calc_crc_2[1],a
 243  0021  2000     R  	call _calc_crc
 245  0022              #line 245 "C:\ChipsGarden\醇法\MK8000\MK8000-Power PCB\UART2ADCwith8bitsMCU\UART2ADCwith8bitsMCU\Uart.c"
 245  0022  0700     R  	mov a,_reg_crc[0]
 245  0023  0080     R  	mov _array_uart_txbuff[7],a
"File: Uart.c        Assembler  Version HGASM0202      Page 8

 246  0024              #line 246 "C:\ChipsGarden\醇法\MK8000\MK8000-Power PCB\UART2ADCwith8bitsMCU\UART2ADCwith8bitsMCU\Uart.c"
 246  0024  0700     R  	mov a,_reg_crc[1]
 246  0025  0080     R  	mov _array_uart_txbuff[8],a
 248  0026              #line 248 "C:\ChipsGarden\醇法\MK8000\MK8000-Power PCB\UART2ADCwith8bitsMCU\UART2ADCwith8bitsMCU\Uart.c"
 248  0026  0700     R  	mov a,_array_uart_txbuff[0]
 248  0027  00C8        	mov [72],a
 249  0028              #line 249 "C:\ChipsGarden\醇法\MK8000\MK8000-Power PCB\UART2ADCwith8bitsMCU\UART2ADCwith8bitsMCU\Uart.c"
 249  0028  1580     R  	dec _tx_guide[0]
 249  0029  0003        	ret
 249  002A              _Uart_TXD_Send endp
 249  002A              #line 249 "C:\ChipsGarden\醇法\MK8000\MK8000-Power PCB\UART2ADCwith8bitsMCU\UART2ADCwith8bitsMCU\Uart.c"
 249  002A              #pragma debug scope 1 1
 249  002A              public _Buffer_Send06
 249  002A              #pragma debug scope 8 1
 257  002A              #line 257 "C:\ChipsGarden\醇法\MK8000\MK8000-Power PCB\UART2ADCwith8bitsMCU\UART2ADCwith8bitsMCU\Uart.c"
 257  0000              _Buffer_Send06 .section 'code'
 257  0000              _Buffer_Send06 proc
 257  0000  00              local _Buffer_Send06_2 db 1 dup(?)	; 0,1
 257  0000  0080     E  	mov ra,a
 257  0001  0080     R  	mov _Buffer_Send06_2[0],a
 257  0002              #pragma debug variable 8 8 _Buffer_Send06_2+0 "count"
 259  0002              #line 259 "C:\ChipsGarden\醇法\MK8000\MK8000-Power PCB\UART2ADCwith8bitsMCU\UART2ADCwith8bitsMCU\Uart.c"
 259  0002  0F0C        	mov a,12
 259  0003  0200     E  	sub a,ra
 259  0004  380A        	snz c
 259  0005  2800     R  	jmp _L24
 264  0006              #line 264 "C:\ChipsGarden\醇法\MK8000\MK8000-Power PCB\UART2ADCwith8bitsMCU\UART2ADCwith8bitsMCU\Uart.c"
 264  0006  0700     E  	mov a,ra
 264  0007  0B04        	add a,4
 264  0008  0080     R  	mov _tx_guide[0],a
 265  0009              #line 265 "C:\ChipsGarden\醇法\MK8000\MK8000-Power PCB\UART2ADCwith8bitsMCU\UART2ADCwith8bitsMCU\Uart.c"
 265  0009  1F00     R  	clr _tx_index[0]
 266  000A              #line 266 "C:\ChipsGarden\醇法\MK8000\MK8000-Power PCB\UART2ADCwith8bitsMCU\UART2ADCwith8bitsMCU\Uart.c"
 266  000A  3140        	set [64].2
 270  000B              #line 270 "C:\ChipsGarden\醇法\MK8000\MK8000-Power PCB\UART2ADCwith8bitsMCU\UART2ADCwith8bitsMCU\Uart.c"
 270  000B  0F44        	mov a,68
 270  000C  0080     R  	mov _array_uart_txbuff[0],a
 271  000D              #line 271 "C:\ChipsGarden\醇法\MK8000\MK8000-Power PCB\UART2ADCwith8bitsMCU\UART2ADCwith8bitsMCU\Uart.c"
 271  000D  0700     R  	mov a,_array_uart_rxbuff[1]
 271  000E  0080     R  	mov _array_uart_txbuff[1],a
 274  000F              #line 274 "C:\ChipsGarden\醇法\MK8000\MK8000-Power PCB\UART2ADCwith8bitsMCU\UART2ADCwith8bitsMCU\Uart.c"
 274  000F  0700     E  	mov a,ra
 274  0010  0B02        	add a,2
 274  0011  0080     R  	mov _calc_crc_2[2],a
 274  0012  0F00     R  	mov a,low offset _array_uart_txbuff
 274  0013  0080     R  	mov _calc_crc_2[0],a
 274  0014  0F00     R  	mov a,high offset _array_uart_txbuff
 274  0015  0080     R  	mov _calc_crc_2[1],a
 274  0016  2000     R  	call _calc_crc
 276  0017              #line 276 "C:\ChipsGarden\醇法\MK8000\MK8000-Power PCB\UART2ADCwith8bitsMCU\UART2ADCwith8bitsMCU\Uart.c"
 276  0017  0700     R  	mov a,_Buffer_Send06_2[0]
 276  0018  0080     E  	mov rb,a
 276  0019  1F00     E  	clr rc
 276  001A  0700     R  	mov a,_reg_crc[1]
 276  001B  0080     E  	mov ra,a
 276  001C  0F00     R  	mov a,low (offset _array_uart_txbuff+2)
 276  001D  0300     E  	add a,rb
 276  001E  0083        	mov mp,a
 276  001F  0F00     R  	mov a,high (offset _array_uart_txbuff+2)
 276  0020  1300     E  	adc a,rc
"File: Uart.c        Assembler  Version HGASM0202      Page 9

 276  0021  0081        	mov sbp,a
 276  0022  0701        	mov a,sbp
 276  0023  0084        	mov bp,a
 276  0024  0700     R  	mov a,_reg_crc[0]
 276  0025  0082        	mov ir,a
 277  0026              #line 277 "C:\ChipsGarden\醇法\MK8000\MK8000-Power PCB\UART2ADCwith8bitsMCU\UART2ADCwith8bitsMCU\Uart.c"
 277  0026  0F00     R  	mov a,low (offset _array_uart_txbuff+3)
 277  0027  0300     E  	add a,rb
 277  0028  0083        	mov mp,a
 277  0029  0F00     R  	mov a,high (offset _array_uart_txbuff+3)
 277  002A  1300     E  	adc a,rc
 277  002B  0081        	mov sbp,a
 277  002C  0701        	mov a,sbp
 277  002D  0084        	mov bp,a
 277  002E  0700     E  	mov a,ra
 277  002F  0082        	mov ir,a
 279  0030              #line 279 "C:\ChipsGarden\醇法\MK8000\MK8000-Power PCB\UART2ADCwith8bitsMCU\UART2ADCwith8bitsMCU\Uart.c"
 279  0030  0700     R  	mov a,_array_uart_txbuff[0]
 279  0031  00C8        	mov [72],a
 280  0032              #line 280 "C:\ChipsGarden\醇法\MK8000\MK8000-Power PCB\UART2ADCwith8bitsMCU\UART2ADCwith8bitsMCU\Uart.c"
 280  0032  1580     R  	dec _tx_guide[0]
 280  0033              _L24:
 280  0033  0003        	ret
 280  0034              _Buffer_Send06 endp
 280  0034              #line 280 "C:\ChipsGarden\醇法\MK8000\MK8000-Power PCB\UART2ADCwith8bitsMCU\UART2ADCwith8bitsMCU\Uart.c"
 280  0034              #pragma debug scope 1 1
 280  0034              public _Buffer_Send03
 280  0034              #pragma debug scope 9 1
 288  0034              #line 288 "C:\ChipsGarden\醇法\MK8000\MK8000-Power PCB\UART2ADCwith8bitsMCU\UART2ADCwith8bitsMCU\Uart.c"
 288  0000              _Buffer_Send03 .section 'code'
 288  0000              _Buffer_Send03 proc
 288  0000  00              local _Buffer_Send03_2 db 1 dup(?)	; 0,1
 288  0000  0080     E  	mov ra,a
 288  0001  0080     R  	mov _Buffer_Send03_2[0],a
 288  0002              #pragma debug variable 8 9 _Buffer_Send03_2+0 "count"
 290  0002              #line 290 "C:\ChipsGarden\醇法\MK8000\MK8000-Power PCB\UART2ADCwith8bitsMCU\UART2ADCwith8bitsMCU\Uart.c"
 290  0002  0F0B        	mov a,11
 290  0003  0200     E  	sub a,ra
 290  0004  380A        	snz c
 290  0005  2800     R  	jmp _L26
 290  0006              #pragma debug scope 10 9
 290  0006              ;begin block, line: 290.-1
 290  0006              #pragma debug scope 11 10
 290  0006              ;begin block, line: 290.-1
 295  0006              #line 295 "C:\ChipsGarden\醇法\MK8000\MK8000-Power PCB\UART2ADCwith8bitsMCU\UART2ADCwith8bitsMCU\Uart.c"
 295  0006  0700     E  	mov a,ra
 295  0007  0B05        	add a,5
 295  0008  0080     R  	mov _tx_guide[0],a
 296  0009              #line 296 "C:\ChipsGarden\醇法\MK8000\MK8000-Power PCB\UART2ADCwith8bitsMCU\UART2ADCwith8bitsMCU\Uart.c"
 296  0009  1F00     R  	clr _tx_index[0]
 297  000A              #line 297 "C:\ChipsGarden\醇法\MK8000\MK8000-Power PCB\UART2ADCwith8bitsMCU\UART2ADCwith8bitsMCU\Uart.c"
 297  000A  3140        	set [64].2
 301  000B              #line 301 "C:\ChipsGarden\醇法\MK8000\MK8000-Power PCB\UART2ADCwith8bitsMCU\UART2ADCwith8bitsMCU\Uart.c"
 301  000B  0F44        	mov a,68
 301  000C  0080     R  	mov _array_uart_txbuff[0],a
 302  000D              #line 302 "C:\ChipsGarden\醇法\MK8000\MK8000-Power PCB\UART2ADCwith8bitsMCU\UART2ADCwith8bitsMCU\Uart.c"
 302  000D  0700     R  	mov a,_array_uart_rxbuff[1]
 302  000E  0080     R  	mov _array_uart_txbuff[1],a
 303  000F              #line 303 "C:\ChipsGarden\醇法\MK8000\MK8000-Power PCB\UART2ADCwith8bitsMCU\UART2ADCwith8bitsMCU\Uart.c"
 303  000F  0700     R  	mov a,_Buffer_Send03_2[0]
"File: Uart.c        Assembler  Version HGASM0202      Page 10

 303  0010  0080     R  	mov _array_uart_txbuff[2],a
 305  0011              #line 305 "C:\ChipsGarden\醇法\MK8000\MK8000-Power PCB\UART2ADCwith8bitsMCU\UART2ADCwith8bitsMCU\Uart.c"
 305  0011  0700     E  	mov a,ra
 305  0012  0B03        	add a,3
 305  0013  0080     R  	mov _calc_crc_2[2],a
 305  0014  0F00     R  	mov a,low offset _array_uart_txbuff
 305  0015  0080     R  	mov _calc_crc_2[0],a
 305  0016  0F00     R  	mov a,high offset _array_uart_txbuff
 305  0017  0080     R  	mov _calc_crc_2[1],a
 305  0018  2000     R  	call _calc_crc
 307  0019              #line 307 "C:\ChipsGarden\醇法\MK8000\MK8000-Power PCB\UART2ADCwith8bitsMCU\UART2ADCwith8bitsMCU\Uart.c"
 307  0019  0700     R  	mov a,_Buffer_Send03_2[0]
 307  001A  0080     E  	mov rb,a
 307  001B  1F00     E  	clr rc
 307  001C  0700     R  	mov a,_reg_crc[1]
 307  001D  0080     E  	mov ra,a
 307  001E  0F00     R  	mov a,low (offset _array_uart_txbuff+3)
 307  001F  0300     E  	add a,rb
 307  0020  0083        	mov mp,a
 307  0021  0F00     R  	mov a,high (offset _array_uart_txbuff+3)
 307  0022  1300     E  	adc a,rc
 307  0023  0081        	mov sbp,a
 307  0024  0701        	mov a,sbp
 307  0025  0084        	mov bp,a
 307  0026  0700     R  	mov a,_reg_crc[0]
 307  0027  0082        	mov ir,a
 308  0028              #line 308 "C:\ChipsGarden\醇法\MK8000\MK8000-Power PCB\UART2ADCwith8bitsMCU\UART2ADCwith8bitsMCU\Uart.c"
 308  0028  0F00     R  	mov a,low (offset _array_uart_txbuff+4)
 308  0029  0300     E  	add a,rb
 308  002A  0083        	mov mp,a
 308  002B  0F00     R  	mov a,high (offset _array_uart_txbuff+4)
 308  002C  1300     E  	adc a,rc
 308  002D  0081        	mov sbp,a
 308  002E  0701        	mov a,sbp
 308  002F  0084        	mov bp,a
 308  0030  0700     E  	mov a,ra
 308  0031  0082        	mov ir,a
 310  0032              #line 310 "C:\ChipsGarden\醇法\MK8000\MK8000-Power PCB\UART2ADCwith8bitsMCU\UART2ADCwith8bitsMCU\Uart.c"
 310  0032  0700     R  	mov a,_array_uart_txbuff[0]
 310  0033  00C8        	mov [72],a
 311  0034              #line 311 "C:\ChipsGarden\醇法\MK8000\MK8000-Power PCB\UART2ADCwith8bitsMCU\UART2ADCwith8bitsMCU\Uart.c"
 311  0034  1580     R  	dec _tx_guide[0]
 311  0035              _L26:
 311  0035              #pragma debug scope 10 9
 311  0035              #pragma debug scope 9 1
 311  0035  0003        	ret
 311  0036              _Buffer_Send03 endp
 311  0036              #line 311 "C:\ChipsGarden\醇法\MK8000\MK8000-Power PCB\UART2ADCwith8bitsMCU\UART2ADCwith8bitsMCU\Uart.c"
 311  0036              #pragma debug scope 1 1
 311  0036              public _Uart_RXD_Manage
 311  0036              #pragma debug scope 12 1
 162  0036              #line 162 "C:\ChipsGarden\醇法\MK8000\MK8000-Power PCB\UART2ADCwith8bitsMCU\UART2ADCwith8bitsMCU\Uart.c"
 162  0000              _Uart_RXD_Manage .section 'code'
 162  0000              _Uart_RXD_Manage proc
 162  0000  0005[           local _Uart_RXD_Manage_2 db 5 dup(?)	; 0,5
            00
            ]
 162  0005              #pragma debug variable 8 12 _Uart_RXD_Manage_2+0 "i"
 164  0005              #line 164 "C:\ChipsGarden\醇法\MK8000\MK8000-Power PCB\UART2ADCwith8bitsMCU\UART2ADCwith8bitsMCU\Uart.c"
 164  0000  3800     R  	snz _uart_flag[0].0
"File: Uart.c        Assembler  Version HGASM0202      Page 11

 164  0001  2800     R  	jmp _L28
 166  0002              #line 166 "C:\ChipsGarden\醇法\MK8000\MK8000-Power PCB\UART2ADCwith8bitsMCU\UART2ADCwith8bitsMCU\Uart.c"
 166  0002  3400     R  	clr _uart_flag[0].0
 167  0003              #line 167 "C:\ChipsGarden\醇法\MK8000\MK8000-Power PCB\UART2ADCwith8bitsMCU\UART2ADCwith8bitsMCU\Uart.c"
 167  0003  0700     R  	mov a,_array_uart_rxbuff[0]
 167  0004  0A44        	sub a,68
 167  0005  390A        	snz z
 167  0006  2800     R  	jmp _L30
 167  0007  0700     R  	mov a,_array_uart_rxbuff[7]
 167  0008  0A0A        	sub a,10
 167  0009  390A        	snz z
 167  000A  2800     R  	jmp _L30
 169  000B              #line 169 "C:\ChipsGarden\醇法\MK8000\MK8000-Power PCB\UART2ADCwith8bitsMCU\UART2ADCwith8bitsMCU\Uart.c"
 169  000B  0700     R  	mov a,_array_uart_rxbuff[1]
 169  000C  0080     R  	mov _Uart_RXD_Manage_2[0],a
 169  000D  0700     R  	mov a,_Uart_RXD_Manage_2[0]
 169  000E  0A03        	sub a,3
 169  000F  3D0A        	sz z
 169  0010  2800     R  	jmp _L31
 169  0011  0700     R  	mov a,_Uart_RXD_Manage_2[0]
 169  0012  0A06        	sub a,6
 169  0013  390A        	snz z
 169  0014  2800     R  	jmp _L30
 206  0015              #line 206 "C:\ChipsGarden\醇法\MK8000\MK8000-Power PCB\UART2ADCwith8bitsMCU\UART2ADCwith8bitsMCU\Uart.c"
 206  0015  0700     R  	mov a,_array_uart_rxbuff[3]
 206  0016  0080     E  	mov ra,a
 206  0017  0700     R  	mov a,_array_uart_rxbuff[4]
 206  0018  0080     E  	mov _Write_EEPROM_2[0],a
 206  0019  0700     E  	mov a,ra
 206  001A  2000     E  	call _Write_EEPROM
 207  001B              #line 207 "C:\ChipsGarden\醇法\MK8000\MK8000-Power PCB\UART2ADCwith8bitsMCU\UART2ADCwith8bitsMCU\Uart.c"
 207  001B  1400     R  	inca _array_uart_rxbuff[3]
 207  001C  0080     E  	mov ra,a
 207  001D  0700     R  	mov a,_array_uart_rxbuff[5]
 207  001E  0080     E  	mov _Write_EEPROM_2[0],a
 207  001F  0700     E  	mov a,ra
 207  0020  2000     E  	call _Write_EEPROM
 210  0021              #line 210 "C:\ChipsGarden\醇法\MK8000\MK8000-Power PCB\UART2ADCwith8bitsMCU\UART2ADCwith8bitsMCU\Uart.c"
 210  0021  0700     R  	mov a,_array_uart_rxbuff[2]
 210  0022  0080     R  	mov _array_uart_txbuff[2],a
 210  0023  0700     R  	mov a,_array_uart_rxbuff[3]
 210  0024  0080     R  	mov _array_uart_txbuff[3],a
 210  0025  0700     R  	mov a,_array_uart_rxbuff[4]
 210  0026  0080     R  	mov _array_uart_txbuff[4],a
 210  0027  0700     R  	mov a,_array_uart_rxbuff[5]
 210  0028  0080     R  	mov _array_uart_txbuff[5],a
 212  0029              #line 212 "C:\ChipsGarden\醇法\MK8000\MK8000-Power PCB\UART2ADCwith8bitsMCU\UART2ADCwith8bitsMCU\Uart.c"
 212  0029  0F04        	mov a,4
 212  002A  2000     R  	call _Buffer_Send06
 213  002B              #line 213 "C:\ChipsGarden\醇法\MK8000\MK8000-Power PCB\UART2ADCwith8bitsMCU\UART2ADCwith8bitsMCU\Uart.c"
 213  002B  2800     R  	jmp _L30
 213  002C              _L31:
 184  002C              #line 184 "C:\ChipsGarden\醇法\MK8000\MK8000-Power PCB\UART2ADCwith8bitsMCU\UART2ADCwith8bitsMCU\Uart.c"
 184  002C  1700     R  	sdza _array_uart_rxbuff[2]
 184  002D  2800     R  	jmp _LI2
 184  002E  2800     R  	jmp _L33
 184  002F              _LI2:
 184  002F  1F00     R  	clr _Uart_RXD_Manage_2[0]
 184  0030  2800     R  	jmp _L34
 184  0031              _L33:
"File: Uart.c        Assembler  Version HGASM0202      Page 12

 186  0031              #line 186 "C:\ChipsGarden\醇法\MK8000\MK8000-Power PCB\UART2ADCwith8bitsMCU\UART2ADCwith8bitsMCU\Uart.c"
 186  0031  0700     R  	mov a,_array_uart_rxbuff[3]
 186  0032  0080     E  	mov ra,a
 186  0033  0700     E  	mov a,ra
 186  0034  2000     E  	call _Get_ADC
 186  0035  0700     E  	mov a,ra
 186  0036  0080     R  	mov _reg_crc[0],a
 186  0037  0700     E  	mov a,rb
 186  0038  0080     R  	mov _reg_crc[1],a
 187  0039              #line 187 "C:\ChipsGarden\醇法\MK8000\MK8000-Power PCB\UART2ADCwith8bitsMCU\UART2ADCwith8bitsMCU\Uart.c"
 187  0039  0700     E  	mov a,rb
 187  003A  0080     R  	mov _array_uart_txbuff[3],a
 188  003B              #line 188 "C:\ChipsGarden\醇法\MK8000\MK8000-Power PCB\UART2ADCwith8bitsMCU\UART2ADCwith8bitsMCU\Uart.c"
 188  003B  0700     E  	mov a,ra
 188  003C  0080     R  	mov _array_uart_txbuff[4],a
 189  003D              #line 189 "C:\ChipsGarden\醇法\MK8000\MK8000-Power PCB\UART2ADCwith8bitsMCU\UART2ADCwith8bitsMCU\Uart.c"
 189  003D  0F02        	mov a,2
 189  003E  2800     R  	jmp _L39
 189  003F              _L34:
 195  003F              #line 195 "C:\ChipsGarden\醇法\MK8000\MK8000-Power PCB\UART2ADCwith8bitsMCU\UART2ADCwith8bitsMCU\Uart.c"
 195  003F  0700     R  	mov a,_Uart_RXD_Manage_2[0]
 195  0040  0080     R  	mov _Uart_RXD_Manage_2[1],a
 195  0041  1F00     R  	clr _Uart_RXD_Manage_2[2]
 195  0042  0700     R  	mov a,_array_uart_rxbuff[5]
 195  0043  0080     E  	mov rb,a
 195  0044  1F00     E  	clr rc
 195  0045  340A        	clr c
 195  0046  1A80     E  	rlc rb
 195  0047  1A80     E  	rlc rc
 195  0048  0700     R  	mov a,_Uart_RXD_Manage_2[1]
 195  0049  0200     E  	sub a,rb
 195  004A  0700     R  	mov a,_Uart_RXD_Manage_2[2]
 195  004B  1200     E  	sbc a,rc
 195  004C  1185        	swap acc
 195  004D  040A        	xor a,status
 195  004E  3985        	snz acc.3
 195  004F  2800     R  	jmp _L40
 197  0050              #line 197 "C:\ChipsGarden\醇法\MK8000\MK8000-Power PCB\UART2ADCwith8bitsMCU\UART2ADCwith8bitsMCU\Uart.c"
 197  0050  0F03        	mov a,3
 197  0051  0300     R  	add a,_Uart_RXD_Manage_2[1]
 197  0052  0080     R  	mov _Uart_RXD_Manage_2[3],a
 197  0053  0F00        	mov a,0
 197  0054  1300     R  	adc a,_Uart_RXD_Manage_2[2]
 197  0055  0080     R  	mov _Uart_RXD_Manage_2[4],a
 197  0056  0700     R  	mov a,_Uart_RXD_Manage_2[0]
 197  0057  0300     R  	add a,_array_uart_rxbuff[3]
 197  0058  0080     E  	mov ra,a
 197  0059  0700     E  	mov a,ra
 197  005A  2000     E  	call _Read_EEPROM
 197  005B  0080     E  	mov ra,a
 197  005C  0F00     R  	mov a,low offset _array_uart_txbuff
 197  005D  0300     R  	add a,_Uart_RXD_Manage_2[3]
 197  005E  0083        	mov mp,a
 197  005F  0F00     R  	mov a,high offset _array_uart_txbuff
 197  0060  1300     R  	adc a,_Uart_RXD_Manage_2[4]
 197  0061  0081        	mov sbp,a
 197  0062  0701        	mov a,sbp
 197  0063  0084        	mov bp,a
 197  0064  0700     E  	mov a,ra
 197  0065  0082        	mov ir,a
"File: Uart.c        Assembler  Version HGASM0202      Page 13

 198  0066              #line 198 "C:\ChipsGarden\醇法\MK8000\MK8000-Power PCB\UART2ADCwith8bitsMCU\UART2ADCwith8bitsMCU\Uart.c"
 198  0066  0F04        	mov a,4
 198  0067  0380     R  	addm a,_Uart_RXD_Manage_2[1]
 198  0068  0F00        	mov a,0
 198  0069  1380     R  	adcm a,_Uart_RXD_Manage_2[2]
 198  006A  0700     R  	mov a,_Uart_RXD_Manage_2[0]
 198  006B  0300     R  	add a,_array_uart_rxbuff[3]
 198  006C  0080     E  	mov ra,a
 198  006D  1480     E  	inc ra
 198  006E  0700     E  	mov a,ra
 198  006F  2000     E  	call _Read_EEPROM
 198  0070  0080     E  	mov ra,a
 198  0071  0F00     R  	mov a,low offset _array_uart_txbuff
 198  0072  0300     R  	add a,_Uart_RXD_Manage_2[1]
 198  0073  0083        	mov mp,a
 198  0074  0F00     R  	mov a,high offset _array_uart_txbuff
 198  0075  1300     R  	adc a,_Uart_RXD_Manage_2[2]
 198  0076  0081        	mov sbp,a
 198  0077  0701        	mov a,sbp
 198  0078  0084        	mov bp,a
 198  0079  0700     E  	mov a,ra
 198  007A  0082        	mov ir,a
 195  007B              #line 195 "C:\ChipsGarden\醇法\MK8000\MK8000-Power PCB\UART2ADCwith8bitsMCU\UART2ADCwith8bitsMCU\Uart.c"
 195  007B  0F02        	mov a,2
 195  007C  0380     R  	addm a,_Uart_RXD_Manage_2[0]
 195  007D  2800     R  	jmp _L34
 195  007E              _L40:
 201  007E              #line 201 "C:\ChipsGarden\醇法\MK8000\MK8000-Power PCB\UART2ADCwith8bitsMCU\UART2ADCwith8bitsMCU\Uart.c"
 201  007E  0700     R  	mov a,_array_uart_rxbuff[5]
 201  007F  0300     R  	add a,_array_uart_rxbuff[5]
 201  0080  0080     E  	mov ra,a
 201  0081  0700     E  	mov a,ra
 201  0082              _L39:
 201  0082  2000     R  	call _Buffer_Send03
 201  0083              _L30:
 219  0083              #line 219 "C:\ChipsGarden\醇法\MK8000\MK8000-Power PCB\UART2ADCwith8bitsMCU\UART2ADCwith8bitsMCU\Uart.c"
 219  0083  1F00     R  	clr _rx_guide[0]
 219  0084              _L28:
 219  0084  0003        	ret
 219  0085              _Uart_RXD_Manage endp
 219  0085              #line 219 "C:\ChipsGarden\醇法\MK8000\MK8000-Power PCB\UART2ADCwith8bitsMCU\UART2ADCwith8bitsMCU\Uart.c"
 219  0085              #pragma debug scope 1 1
  43  0085              #line 43 "C:\ChipsGarden\醇法\MK8000\MK8000-Power PCB\UART2ADCwith8bitsMCU\UART2ADCwith8bitsMCU\Uart.c"
  43  0085              public _reg_crc
  43  0000              @HCCINIT0 .section 'data'
  43  0000  0002[       _reg_crc	db 2 dup(0)
            00
            ]
  43  0002              #pragma debug struct_end
  43  0002              #pragma debug struct_end
  43  0002              #pragma debug struct_end
  43  0002              #pragma debug struct_end
  43  0002              #pragma debug union_end
  43  0002              #pragma debug union_end
  43  0002              #pragma debug variable 45 1 _reg_crc "reg_crc"
  43  0002              
  43  0000              @HCCINIT .section 'data'
  41  0000              #line 41 "C:\ChipsGarden\醇法\MK8000\MK8000-Power PCB\UART2ADCwith8bitsMCU\UART2ADCwith8bitsMCU\Uart.c"
  41  0000              public _uart_flag
  41  0002              @HCCINIT0 .section 'data'
"File: Uart.c        Assembler  Version HGASM0202      Page 14

  41  0002              _uart_flag	db 0
  41  0003              #pragma debug struct_end
  41  0003              #pragma debug struct_end
  41  0003              #pragma debug union_end
  41  0003              #pragma debug union_end
  41  0003              #pragma debug variable 47 1 _uart_flag "uart_flag"
  41  0003              
  41  0000              @HCCINIT .section 'data'
  40  0000              #line 40 "C:\ChipsGarden\醇法\MK8000\MK8000-Power PCB\UART2ADCwith8bitsMCU\UART2ADCwith8bitsMCU\Uart.c"
  40  0000              public _array_uart_rxbuff
  40  0003              @HCCINIT0 .section 'data'
  40  0003  0008[       _array_uart_rxbuff	db 8 dup(0)
            00
            ]
  40  000B              #pragma debug array 48 8 8 1
  40  000B              #pragma debug array 48 8 8 1
  40  000B              #pragma debug variable 48 1 _array_uart_rxbuff "array_uart_rxbuff"
  40  000B              
  40  0000              @HCCINIT .section 'data'
  39  0000              #line 39 "C:\ChipsGarden\醇法\MK8000\MK8000-Power PCB\UART2ADCwith8bitsMCU\UART2ADCwith8bitsMCU\Uart.c"
  39  0000              public _array_uart_txbuff
  39  000B              @HCCINIT0 .section 'data'
  39  000B  0010[       _array_uart_txbuff	db 16 dup(0)
            00
            ]
  39  001B              #pragma debug array 49 8 16 1
  39  001B              #pragma debug array 49 8 16 1
  39  001B              #pragma debug variable 49 1 _array_uart_txbuff "array_uart_txbuff"
  39  001B              
  39  0000              @HCCINIT .section 'data'
  38  0000              #line 38 "C:\ChipsGarden\醇法\MK8000\MK8000-Power PCB\UART2ADCwith8bitsMCU\UART2ADCwith8bitsMCU\Uart.c"
  38  0000              public _tx_guide
  38  001B              @HCCINIT0 .section 'data'
  38  001B              _tx_guide	db 0
  38  001C              #pragma debug variable 8 1 _tx_guide "tx_guide"
  38  001C              
  38  0000              @HCCINIT .section 'data'
  37  0000              #line 37 "C:\ChipsGarden\醇法\MK8000\MK8000-Power PCB\UART2ADCwith8bitsMCU\UART2ADCwith8bitsMCU\Uart.c"
  37  0000              public _rx_guide
  37  001C              @HCCINIT0 .section 'data'
  37  001C              _rx_guide	db 0
  37  001D              #pragma debug variable 8 1 _rx_guide "rx_guide"
  37  001D              
  37  0000              @HCCINIT .section 'data'
  36  0000              #line 36 "C:\ChipsGarden\醇法\MK8000\MK8000-Power PCB\UART2ADCwith8bitsMCU\UART2ADCwith8bitsMCU\Uart.c"
  36  0000              public _tx_index
  36  001D              @HCCINIT0 .section 'data'
  36  001D              _tx_index	db 0
  36  001E              #pragma debug variable 8 1 _tx_index "tx_index"
  36  001E              
  36  0000              @HCCINIT .section 'data'
  36  0000              #pragma debug struct_end
  36  0000              #pragma debug struct_end
  36  0000              #pragma debug union_end
  36  0000              #pragma debug union_end
  36  0000              #pragma debug variable 51 1 ___intc2 "__intc2" 1
  36  0000              #pragma debug struct_end
  36  0000              #pragma debug struct_end
  36  0000              #pragma debug union_end
  36  0000              #pragma debug union_end
"File: Uart.c        Assembler  Version HGASM0202      Page 15

  36  0000              #pragma debug variable 53 1 ___pc "__pc" 1
  36  0000              #pragma debug struct_end
  36  0000              #pragma debug struct_end
  36  0000              #pragma debug union_end
  36  0000              #pragma debug union_end
  36  0000              #pragma debug variable 55 1 ___pcc "__pcc" 1
  36  0000              #pragma debug struct_end
  36  0000              #pragma debug struct_end
  36  0000              #pragma debug union_end
  36  0000              #pragma debug union_end
  36  0000              #pragma debug variable 57 1 ___pcpu "__pcpu" 1
  36  0000              #pragma debug struct_end
  36  0000              #pragma debug struct_end
  36  0000              #pragma debug union_end
  36  0000              #pragma debug union_end
  36  0000              #pragma debug variable 59 1 ___usr "__usr" 1
  36  0000              #pragma debug struct_end
  36  0000              #pragma debug struct_end
  36  0000              #pragma debug union_end
  36  0000              #pragma debug union_end
  36  0000              #pragma debug variable 61 1 ___ucr1 "__ucr1" 1
  36  0000              #pragma debug struct_end
  36  0000              #pragma debug struct_end
  36  0000              #pragma debug union_end
  36  0000              #pragma debug union_end
  36  0000              #pragma debug variable 63 1 ___ucr2 "__ucr2" 1
  36  0000              #pragma debug struct_end
  36  0000              #pragma debug struct_end
  36  0000              #pragma debug union_end
  36  0000              #pragma debug union_end
  36  0000              #pragma debug variable 65 1 ___brg "__brg" 1
  36  0000              #pragma debug struct_end
  36  0000              #pragma debug struct_end
  36  0000              #pragma debug union_end
  36  0000              #pragma debug union_end
  36  0000              #pragma debug variable 67 1 ___txr_rxr "__txr_rxr" 1
  36  0000              
  36  0000              ; output external variables
  36  0000              extern _isr_temp0:byte
  36  0000              extern r1:byte
  36  0000              extern r2:byte
  36  0000              extern r3:byte
  36  0000              extern r4:byte
  36  0000              extern r5:byte
  36  0000              extern r6:byte
  36  0000              extern r7:byte
  36  0000              extern _Write_EEPROM_2:byte
  36  0000              extern _Write_EEPROM:near
  36  0000              extern _Get_ADC:near
  36  0000              extern _Read_EEPROM:near
  36  0000              
  36  0000              ; 
  36  0000              ; Generated by holtek-gcc v3.19, Sun Jul 26 13:36:54 2020
  36  0000              ; Rebuild 718
  36  0000              ; end of file


        0 Errors, 0